# JRE version: OpenJDK Runtime Environment (11.0.11+9) (build 11.0.11+9-b60-7590822)
# Java VM: OpenJDK 64-Bit Server VM (11.0.11+9-b60-7590822, mixed mode, tiered, compressed oops, g1 gc, windows-amd64)
Heap:
 garbage-first heap   total 415744K, used 254240K [0x0000000080000000, 0x0000000100000000)
  region size 1024K, 17 young (17408K), 2 survivors (2048K)
 Metaspace       used 127570K, capacity 131354K, committed 131660K, reserved 1163264K
  class space    used 16188K, capacity 17622K, committed 17740K, reserved 1048576K
GC Heap History (20 events):
Event: 1243.933 GC heap before
{Heap before GC invocations=57 (full 0):
 garbage-first heap   total 234496K, used 186567K [0x0000000080000000, 0x0000000100000000)
  region size 1024K, 42 young (43008K), 4 survivors (4096K)
 Metaspace       used 118122K, capacity 121371K, committed 121548K, reserved 1155072K
  class space    used 14795K, capacity 15993K, committed 16076K, reserved 1048576K
}
Event: 1243.939 GC heap after
{Heap after GC invocations=58 (full 0):
 garbage-first heap   total 234496K, used 151109K [0x0000000080000000, 0x0000000100000000)
  region size 1024K, 6 young (6144K), 6 survivors (6144K)
 Metaspace       used 118122K, capacity 121371K, committed 121548K, reserved 1155072K
  class space    used 14795K, capacity 15993K, committed 16076K, reserved 1048576K
}
Event: 1244.231 GC heap before
{Heap before GC invocations=58 (full 0):
 garbage-first heap   total 234496K, used 194117K [0x0000000080000000, 0x0000000100000000)
  region size 1024K, 44 young (45056K), 6 survivors (6144K)
 Metaspace       used 119295K, capacity 122566K, committed 122700K, reserved 1157120K
  class space    used 14947K, capacity 16142K, committed 16204K, reserved 1048576K
}
Event: 1244.240 GC heap after
{Heap after GC invocations=59 (full 0):
 garbage-first heap   total 282624K, used 161905K [0x0000000080000000, 0x0000000100000000)
  region size 1024K, 6 young (6144K), 6 survivors (6144K)
 Metaspace       used 119295K, capacity 122566K, committed 122700K, reserved 1157120K
  class space    used 14947K, capacity 16142K, committed 16204K, reserved 1048576K
}
Event: 1244.486 GC heap before
{Heap before GC invocations=59 (full 0):
 garbage-first heap   total 282624K, used 231537K [0x0000000080000000, 0x0000000100000000)
  region size 1024K, 65 young (66560K), 6 survivors (6144K)
 Metaspace       used 120475K, capacity 123774K, committed 123980K, reserved 1157120K
  class space    used 15115K, capacity 16329K, committed 16460K, reserved 1048576K
}
Event: 1244.497 GC heap after
{Heap after GC invocations=60 (full 0):
 garbage-first heap   total 282624K, used 178461K [0x0000000080000000, 0x0000000100000000)
  region size 1024K, 9 young (9216K), 9 survivors (9216K)
 Metaspace       used 120475K, capacity 123774K, committed 123980K, reserved 1157120K
  class space    used 15115K, capacity 16329K, committed 16460K, reserved 1048576K
}
Event: 1244.832 GC heap before
{Heap before GC invocations=60 (full 0):
 garbage-first heap   total 282624K, used 228637K [0x0000000080000000, 0x0000000100000000)
  region size 1024K, 57 young (58368K), 9 survivors (9216K)
 Metaspace       used 123224K, capacity 126681K, committed 126796K, reserved 1159168K
  class space    used 15665K, capacity 16913K, committed 16972K, reserved 1048576K
}
Event: 1244.849 GC heap after
{Heap after GC invocations=61 (full 0):
 garbage-first heap   total 282624K, used 188784K [0x0000000080000000, 0x0000000100000000)
  region size 1024K, 8 young (8192K), 8 survivors (8192K)
 Metaspace       used 123224K, capacity 126681K, committed 126796K, reserved 1159168K
  class space    used 15665K, capacity 16913K, committed 16972K, reserved 1048576K
}
Event: 1245.014 GC heap before
{Heap before GC invocations=61 (full 0):
 garbage-first heap   total 282624K, used 228720K [0x0000000080000000, 0x0000000100000000)
  region size 1024K, 48 young (49152K), 8 survivors (8192K)
 Metaspace       used 123358K, capacity 126821K, committed 127052K, reserved 1159168K
  class space    used 15665K, capacity 16913K, committed 16972K, reserved 1048576K
}
Event: 1245.035 GC heap after
{Heap after GC invocations=62 (full 0):
 garbage-first heap   total 282624K, used 209419K [0x0000000080000000, 0x0000000100000000)
  region size 1024K, 6 young (6144K), 6 survivors (6144K)
 Metaspace       used 123358K, capacity 126821K, committed 127052K, reserved 1159168K
  class space    used 15665K, capacity 16913K, committed 16972K, reserved 1048576K
}
Event: 1245.269 GC heap before
{Heap before GC invocations=62 (full 0):
 garbage-first heap   total 282624K, used 231947K [0x0000000080000000, 0x0000000100000000)
  region size 1024K, 29 young (29696K), 6 survivors (6144K)
 Metaspace       used 124890K, capacity 128405K, committed 128588K, reserved 1161216K
  class space    used 15874K, capacity 17158K, committed 17228K, reserved 1048576K
}
Event: 1245.282 GC heap after
{Heap after GC invocations=63 (full 0):
 garbage-first heap   total 415744K, used 217088K [0x0000000080000000, 0x0000000100000000)
  region size 1024K, 4 young (4096K), 4 survivors (4096K)
 Metaspace       used 124890K, capacity 128405K, committed 128588K, reserved 1161216K
  class space    used 15874K, capacity 17158K, committed 17228K, reserved 1048576K
}
Event: 1245.987 GC heap before
{Heap before GC invocations=63 (full 0):
 garbage-first heap   total 415744K, used 283648K [0x0000000080000000, 0x0000000100000000)
  region size 1024K, 68 young (69632K), 4 survivors (4096K)
 Metaspace       used 126064K, capacity 129817K, committed 130124K, reserved 1163264K
  class space    used 16042K, capacity 17405K, committed 17484K, reserved 1048576K
}
Event: 1246.002 GC heap after
{Heap after GC invocations=64 (full 0):
 garbage-first heap   total 415744K, used 226226K [0x0000000080000000, 0x0000000100000000)
  region size 1024K, 9 young (9216K), 9 survivors (9216K)
 Metaspace       used 126064K, capacity 129817K, committed 130124K, reserved 1163264K
  class space    used 16042K, capacity 17405K, committed 17484K, reserved 1048576K
}
Event: 1246.638 GC heap before
{Heap before GC invocations=64 (full 0):
 garbage-first heap   total 415744K, used 296882K [0x0000000080000000, 0x0000000100000000)
  region size 1024K, 75 young (76800K), 9 survivors (9216K)
 Metaspace       used 126595K, capacity 130379K, committed 130636K, reserved 1163264K
  class space    used 16102K, capacity 17480K, committed 17484K, reserved 1048576K
}
Event: 1246.654 GC heap after
{Heap after GC invocations=65 (full 0):
 garbage-first heap   total 415744K, used 240411K [0x0000000080000000, 0x0000000100000000)
  region size 1024K, 10 young (10240K), 10 survivors (10240K)
 Metaspace       used 126595K, capacity 130379K, committed 130636K, reserved 1163264K
  class space    used 16102K, capacity 17480K, committed 17484K, reserved 1048576K
}
Event: 1247.575 GC heap before
{Heap before GC invocations=65 (full 0):
 garbage-first heap   total 415744K, used 314139K [0x0000000080000000, 0x0000000100000000)
  region size 1024K, 75 young (76800K), 10 survivors (10240K)
 Metaspace       used 127036K, capacity 130819K, committed 131020K, reserved 1163264K
  class space    used 16137K, capacity 17551K, committed 17612K, reserved 1048576K
}
Event: 1247.586 GC heap after
{Heap after GC invocations=66 (full 0):
 garbage-first heap   total 415744K, used 239933K [0x0000000080000000, 0x0000000100000000)
  region size 1024K, 6 young (6144K), 6 survivors (6144K)
 Metaspace       used 127036K, capacity 130819K, committed 131020K, reserved 1163264K
  class space    used 16137K, capacity 17551K, committed 17612K, reserved 1048576K
}
Event: 1248.029 GC heap before
{Heap before GC invocations=66 (full 0):
 garbage-first heap   total 415744K, used 311613K [0x0000000080000000, 0x0000000100000000)
  region size 1024K, 75 young (76800K), 6 survivors (6144K)
 Metaspace       used 127570K, capacity 131354K, committed 131660K, reserved 1163264K
  class space    used 16188K, capacity 17622K, committed 17740K, reserved 1048576K
}
Event: 1248.033 GC heap after
{Heap after GC invocations=67 (full 0):
 garbage-first heap   total 415744K, used 240928K [0x0000000080000000, 0x0000000100000000)
  region size 1024K, 2 young (2048K), 2 survivors (2048K)
 Metaspace       used 127570K, capacity 131354K, committed 131660K, reserved 1163264K
  class space    used 16188K, capacity 17622K, committed 17740K, reserved 1048576K
}

