# JRE version: OpenJDK Runtime Environment (11.0.11+9) (build 11.0.11+9-b60-7590822)
# Java VM: OpenJDK 64-Bit Server VM (11.0.11+9-b60-7590822, mixed mode, tiered, compressed oops, g1 gc, windows-amd64)
Heap:
 garbage-first heap   total 267264K, used 126882K [0x0000000080000000, 0x0000000100000000)
  region size 1024K, 1 young (1024K), 1 survivors (1024K)
 Metaspace       used 93628K, capacity 95993K, committed 96112K, reserved 1132544K
  class space    used 12185K, capacity 13098K, committed 13132K, reserved 1048576K
GC Heap History (20 events):
Event: 579.816 GC heap after
{Heap after GC invocations=34 (full 0):
 garbage-first heap   total 155648K, used 99203K [0x0000000080000000, 0x0000000100000000)
  region size 1024K, 3 young (3072K), 3 survivors (3072K)
 Metaspace       used 85699K, capacity 87853K, committed 88176K, reserved 1126400K
  class space    used 10932K, capacity 11741K, committed 11852K, reserved 1048576K
}
Event: 580.329 GC heap before
{Heap before GC invocations=35 (full 0):
 garbage-first heap   total 155648K, used 134019K [0x0000000080000000, 0x0000000100000000)
  region size 1024K, 23 young (23552K), 3 survivors (3072K)
 Metaspace       used 87566K, capacity 89881K, committed 89968K, reserved 1128448K
  class space    used 11171K, capacity 12042K, committed 12108K, reserved 1048576K
}
Event: 580.338 GC heap after
{Heap after GC invocations=36 (full 0):
 garbage-first heap   total 155648K, used 99867K [0x0000000080000000, 0x0000000100000000)
  region size 1024K, 1 young (1024K), 1 survivors (1024K)
 Metaspace       used 87566K, capacity 89881K, committed 89968K, reserved 1128448K
  class space    used 11171K, capacity 12042K, committed 12108K, reserved 1048576K
}
Event: 580.376 GC heap before
{Heap before GC invocations=36 (full 0):
 garbage-first heap   total 155648K, used 106011K [0x0000000080000000, 0x0000000100000000)
  region size 1024K, 7 young (7168K), 1 survivors (1024K)
 Metaspace       used 87795K, capacity 90106K, committed 90224K, reserved 1128448K
  class space    used 11204K, capacity 12093K, committed 12108K, reserved 1048576K
}
Event: 580.384 GC heap after
{Heap after GC invocations=37 (full 0):
 garbage-first heap   total 155648K, used 99395K [0x0000000080000000, 0x0000000100000000)
  region size 1024K, 1 young (1024K), 1 survivors (1024K)
 Metaspace       used 87795K, capacity 90106K, committed 90224K, reserved 1128448K
  class space    used 11204K, capacity 12093K, committed 12108K, reserved 1048576K
}
Event: 580.546 GC heap before
{Heap before GC invocations=37 (full 0):
 garbage-first heap   total 155648K, used 119875K [0x0000000080000000, 0x0000000100000000)
  region size 1024K, 23 young (23552K), 1 survivors (1024K)
 Metaspace       used 88300K, capacity 90561K, committed 90864K, reserved 1128448K
  class space    used 11263K, capacity 12135K, committed 12236K, reserved 1048576K
}
Event: 580.552 GC heap after
{Heap after GC invocations=38 (full 0):
 garbage-first heap   total 155648K, used 100623K [0x0000000080000000, 0x0000000100000000)
  region size 1024K, 2 young (2048K), 2 survivors (2048K)
 Metaspace       used 88300K, capacity 90561K, committed 90864K, reserved 1128448K
  class space    used 11263K, capacity 12135K, committed 12236K, reserved 1048576K
}
Event: 581.184 GC heap before
{Heap before GC invocations=39 (full 0):
 garbage-first heap   total 155648K, used 127247K [0x0000000080000000, 0x0000000100000000)
  region size 1024K, 24 young (24576K), 2 survivors (2048K)
 Metaspace       used 91221K, capacity 93513K, committed 93808K, reserved 1130496K
  class space    used 11667K, capacity 12556K, committed 12620K, reserved 1048576K
}
Event: 581.192 GC heap after
{Heap after GC invocations=40 (full 0):
 garbage-first heap   total 155648K, used 107687K [0x0000000080000000, 0x0000000100000000)
  region size 1024K, 3 young (3072K), 3 survivors (3072K)
 Metaspace       used 91221K, capacity 93513K, committed 93808K, reserved 1130496K
  class space    used 11667K, capacity 12556K, committed 12620K, reserved 1048576K
}
Event: 581.295 GC heap before
{Heap before GC invocations=40 (full 0):
 garbage-first heap   total 155648K, used 111783K [0x0000000080000000, 0x0000000100000000)
  region size 1024K, 7 young (7168K), 3 survivors (3072K)
 Metaspace       used 91376K, capacity 93652K, committed 93808K, reserved 1130496K
  class space    used 11684K, capacity 12559K, committed 12620K, reserved 1048576K
}
Event: 581.309 GC heap after
{Heap after GC invocations=41 (full 0):
 garbage-first heap   total 155648K, used 99670K [0x0000000080000000, 0x0000000100000000)
  region size 1024K, 1 young (1024K), 1 survivors (1024K)
 Metaspace       used 91376K, capacity 93652K, committed 93808K, reserved 1130496K
  class space    used 11684K, capacity 12559K, committed 12620K, reserved 1048576K
}
Event: 581.556 GC heap before
{Heap before GC invocations=41 (full 0):
 garbage-first heap   total 155648K, used 120150K [0x0000000080000000, 0x0000000100000000)
  region size 1024K, 22 young (22528K), 1 survivors (1024K)
 Metaspace       used 91394K, capacity 93716K, committed 93808K, reserved 1130496K
  class space    used 11685K, capacity 12559K, committed 12620K, reserved 1048576K
}
Event: 581.580 GC heap after
{Heap after GC invocations=42 (full 0):
 garbage-first heap   total 155648K, used 108519K [0x0000000080000000, 0x0000000100000000)
  region size 1024K, 3 young (3072K), 3 survivors (3072K)
 Metaspace       used 91394K, capacity 93716K, committed 93808K, reserved 1130496K
  class space    used 11685K, capacity 12559K, committed 12620K, reserved 1048576K
}
Event: 581.905 GC heap before
{Heap before GC invocations=42 (full 0):
 garbage-first heap   total 155648K, used 124903K [0x0000000080000000, 0x0000000100000000)
  region size 1024K, 19 young (19456K), 3 survivors (3072K)
 Metaspace       used 93550K, capacity 95925K, committed 96112K, reserved 1132544K
  class space    used 12185K, capacity 13098K, committed 13132K, reserved 1048576K
}
Event: 581.932 GC heap after
{Heap after GC invocations=43 (full 0):
 garbage-first heap   total 155648K, used 114409K [0x0000000080000000, 0x0000000100000000)
  region size 1024K, 3 young (3072K), 3 survivors (3072K)
 Metaspace       used 93550K, capacity 95925K, committed 96112K, reserved 1132544K
  class space    used 12185K, capacity 13098K, committed 13132K, reserved 1048576K
}
Event: 582.043 GC heap before
{Heap before GC invocations=44 (full 0):
 garbage-first heap   total 155648K, used 126697K [0x0000000080000000, 0x0000000100000000)
  region size 1024K, 16 young (16384K), 3 survivors (3072K)
 Metaspace       used 93580K, capacity 95990K, committed 96112K, reserved 1132544K
  class space    used 12185K, capacity 13098K, committed 13132K, reserved 1048576K
}
Event: 582.058 GC heap after
{Heap after GC invocations=45 (full 0):
 garbage-first heap   total 155648K, used 121418K [0x0000000080000000, 0x0000000100000000)
  region size 1024K, 2 young (2048K), 2 survivors (2048K)
 Metaspace       used 93580K, capacity 95990K, committed 96112K, reserved 1132544K
  class space    used 12185K, capacity 13098K, committed 13132K, reserved 1048576K
}
Event: 582.093 GC heap before
{Heap before GC invocations=45 (full 0):
 garbage-first heap   total 155648K, used 125514K [0x0000000080000000, 0x0000000100000000)
  region size 1024K, 7 young (7168K), 2 survivors (2048K)
 Metaspace       used 93597K, capacity 95990K, committed 96112K, reserved 1132544K
  class space    used 12185K, capacity 13098K, committed 13132K, reserved 1048576K
}
Event: 582.104 GC heap after
{Heap after GC invocations=46 (full 0):
 garbage-first heap   total 155648K, used 123215K [0x0000000080000000, 0x0000000100000000)
  region size 1024K, 1 young (1024K), 1 survivors (1024K)
 Metaspace       used 93597K, capacity 95990K, committed 96112K, reserved 1132544K
  class space    used 12185K, capacity 13098K, committed 13132K, reserved 1048576K
}
Event: 582.145 GC heap before
{Heap before GC invocations=46 (full 0):
 garbage-first heap   total 155648K, used 129359K [0x0000000080000000, 0x0000000100000000)
  region size 1024K, 7 young (7168K), 1 survivors (1024K)
 Metaspace       used 93628K, capacity 95993K, committed 96112K, reserved 1132544K
  class space    used 12185K, capacity 13098K, committed 13132K, reserved 1048576K
}

